0 info it worked if it ends with ok
1 verbose cli [ 'C:\\Program Files\\nodejs\\\\node.exe',
1 verbose cli   'C:\\Program Files\\nodejs\\node_modules\\npm\\bin\\npm-cli.js',
1 verbose cli   'install',
1 verbose cli   'passport-idaas-openidconnect' ]
2 info using npm@1.4.28
3 info using node@v0.10.33
4 verbose node symlink C:\Program Files\nodejs\\node.exe
5 verbose readDependencies using package.json deps
6 verbose cache add [ 'passport-idaas-openidconnect', null ]
7 verbose cache add name=undefined spec="passport-idaas-openidconnect" args=["passport-idaas-openidconnect",null]
8 verbose parsed url { protocol: null,
8 verbose parsed url   slashes: null,
8 verbose parsed url   auth: null,
8 verbose parsed url   host: null,
8 verbose parsed url   port: null,
8 verbose parsed url   hostname: null,
8 verbose parsed url   hash: null,
8 verbose parsed url   search: null,
8 verbose parsed url   query: null,
8 verbose parsed url   pathname: 'passport-idaas-openidconnect',
8 verbose parsed url   path: 'passport-idaas-openidconnect',
8 verbose parsed url   href: 'passport-idaas-openidconnect' }
9 silly lockFile 7949e593-passport-idaas-openidconnect passport-idaas-openidconnect
10 verbose lock passport-idaas-openidconnect C:\Users\IBM_ADMIN\AppData\Roaming\npm-cache\7949e593-passport-idaas-openidconnect.lock
11 silly lockFile 7949e593-passport-idaas-openidconnect passport-idaas-openidconnect
12 silly lockFile 7949e593-passport-idaas-openidconnect passport-idaas-openidconnect
13 verbose addNamed [ 'passport-idaas-openidconnect', '' ]
14 verbose addNamed [ null, '*' ]
15 silly lockFile a6b85226-passport-idaas-openidconnect passport-idaas-openidconnect@
16 verbose lock passport-idaas-openidconnect@ C:\Users\IBM_ADMIN\AppData\Roaming\npm-cache\a6b85226-passport-idaas-openidconnect.lock
17 silly addNameRange { name: 'passport-idaas-openidconnect',
17 silly addNameRange   range: '*',
17 silly addNameRange   hasData: false }
18 verbose request where is /passport-idaas-openidconnect
19 verbose request registry https://registry.npmjs.org/
20 verbose request id d7991749ef83a310
21 verbose url raw /passport-idaas-openidconnect
22 verbose url resolving [ 'https://registry.npmjs.org/',
22 verbose url resolving   './passport-idaas-openidconnect' ]
23 verbose url resolved https://registry.npmjs.org/passport-idaas-openidconnect
24 verbose request where is https://registry.npmjs.org/passport-idaas-openidconnect
25 info trying registry request attempt 1 at 15:34:43
26 http GET https://registry.npmjs.org/passport-idaas-openidconnect
27 http 404 https://registry.npmjs.org/passport-idaas-openidconnect
28 verbose headers { date: 'Mon, 20 Apr 2015 10:04:47 GMT',
28 verbose headers   server: 'CouchDB/1.5.0 (Erlang OTP/R16B03)',
28 verbose headers   'content-type': 'application/json',
28 verbose headers   'cache-control': 'max-age=0',
28 verbose headers   'content-length': '51',
28 verbose headers   'accept-ranges': 'bytes',
28 verbose headers   via: '1.1 varnish',
28 verbose headers   age: '0',
28 verbose headers   'x-served-by': 'cache-syd1625-SYD',
28 verbose headers   'x-cache': 'MISS',
28 verbose headers   'x-cache-hits': '0',
28 verbose headers   'x-timer': 'S1429524287.012885,VS0,VE772',
28 verbose headers   'keep-alive': 'timeout=10, max=50',
28 verbose headers   connection: 'Keep-Alive' }
29 silly registry.get cb [ 404,
29 silly registry.get   { date: 'Mon, 20 Apr 2015 10:04:47 GMT',
29 silly registry.get     server: 'CouchDB/1.5.0 (Erlang OTP/R16B03)',
29 silly registry.get     'content-type': 'application/json',
29 silly registry.get     'cache-control': 'max-age=0',
29 silly registry.get     'content-length': '51',
29 silly registry.get     'accept-ranges': 'bytes',
29 silly registry.get     via: '1.1 varnish',
29 silly registry.get     age: '0',
29 silly registry.get     'x-served-by': 'cache-syd1625-SYD',
29 silly registry.get     'x-cache': 'MISS',
29 silly registry.get     'x-cache-hits': '0',
29 silly registry.get     'x-timer': 'S1429524287.012885,VS0,VE772',
29 silly registry.get     'keep-alive': 'timeout=10, max=50',
29 silly registry.get     connection: 'Keep-Alive' } ]
30 silly lockFile a6b85226-passport-idaas-openidconnect passport-idaas-openidconnect@
31 silly lockFile a6b85226-passport-idaas-openidconnect passport-idaas-openidconnect@
32 error 404 404 Not Found: passport-idaas-openidconnect
32 error 404
32 error 404 'passport-idaas-openidconnect' is not in the npm registry.
32 error 404 You should bug the author to publish it
32 error 404 It was specified as a dependency of 'NodejsStarterApp'
32 error 404
32 error 404 Note that you can also install from a
32 error 404 tarball, folder, or http url, or git url.
33 error System Windows_NT 6.1.7601
34 error command "C:\\Program Files\\nodejs\\\\node.exe" "C:\\Program Files\\nodejs\\node_modules\\npm\\bin\\npm-cli.js" "install" "passport-idaas-openidconnect"
35 error cwd C:\Users\IBM_ADMIN\CBS-ExternalSite
36 error node -v v0.10.33
37 error npm -v 1.4.28
38 error code E404
39 verbose exit [ 1, true ]
